2023-03-19 16:37:58.430 [main] INFO  Calculator - [FACTORIAL] - 4.0
2023-03-19 16:37:58.435 [main] INFO  Calculator - [RESULT - FACTORIAL] - 24.0
2023-03-19 16:38:03.867 [main] INFO  Calculator - [SQ ROOT] - 3.0
2023-03-19 16:38:03.867 [main] INFO  Calculator - [RESULT - SQ ROOT] - 1.7320508075688772
2023-03-19 18:51:57.910 [main] INFO  Calculator - [FACTORIAL] - 3.0
2023-03-19 18:51:57.920 [main] INFO  Calculator - [RESULT - FACTORIAL] - 6.0
2023-03-19 18:52:01.936 [main] INFO  Calculator - [SQ ROOT] - 25.0
2023-03-19 18:52:01.936 [main] INFO  Calculator - [RESULT - SQ ROOT] - 5.0
2023-03-19 18:52:07.820 [main] INFO  Calculator - [POWER - 5.0 RAISED TO] 6.0
2023-03-19 18:52:07.822 [main] INFO  Calculator - [RESULT - POWER] - 15625.0
2023-03-19 18:52:13.172 [main] INFO  Calculator - [NATURAL LOG] - 68.0
2023-03-19 18:52:13.173 [main] INFO  Calculator - [RESULT - NATURAL LOG] - 4.219507705176107
2023-03-19 18:52:18.223 [main] INFO  Calculator - [FACTORIAL] - 5.0
2023-03-19 18:52:18.223 [main] INFO  Calculator - [RESULT - FACTORIAL] - 120.0
2023-03-19 18:52:21.773 [main] INFO  Calculator - [SQ ROOT] - 36.0
2023-03-19 18:52:21.773 [main] INFO  Calculator - [RESULT - SQ ROOT] - 6.0
2023-03-19 18:52:27.929 [main] INFO  Calculator - [POWER - 56.0 RAISED TO] 7.0
2023-03-19 18:52:27.930 [main] INFO  Calculator - [RESULT - POWER] - 1.727094849536E12
2023-03-19 18:52:46.793 [main] INFO  Calculator - [NATURAL LOG] - 56.0
2023-03-19 18:52:46.793 [main] INFO  Calculator - [RESULT - NATURAL LOG] - 4.02535169073515
